Endianness    l
Type          \1
Flags         \0
Protocol      \1
Body_Len      \0\0\0\0
Serial        \1\0\0\0
Fields 'a{yv}'
[Len 'u'      \206\0\0\0 || \205\0\0\0
 K1 'y,       \1 = Path 
 V1 'v'
 [Sig 'g'
  [Len 'y'    \1 
   Txt        o\0
  Content 'o'
  [Len 'u'    \25\0\0\0
   Txt        /org/freedesktop/DBus\0
sendto(3, "\0", 1, MSG_NOSIGNAL, NULL, 0) = 1
sendto(3, "\0", 1, MSG_NOSIGNAL, NULL, 0) = 1
sendto(3, "\0", 1, MSG_NOSIGNAL, NULL, 0) = 1
sendto(3, "\0", 1, MSG_NOSIGNAL, NULL, 0) = 1
sendto(3, "\0", 1, MSG_NOSIGNAL, NULL, 0) = 1
sendto(3, "\0", 1, MSG_NOSIGNAL, NULL, 0) = 1
sendto(3, "\6", 1, MSG_NOSIGNAL, NULL, 0) = 1
sendto(3, "\1", 1, MSG_NOSIGNAL, NULL, 0) = 1
sendto(3, "s", 1, MSG_NOSIGNAL, NULL, 0) = 1
sendto(3, "\0", 1, MSG_NOSIGNAL, NULL, 0) = 1
sendto(3, "\24\0\0\0", 4, MSG_NOSIGNAL, NULL, 0) = 4
sendto(3, "o", 1, MSG_NOSIGNAL, NULL, 0) = 1
sendto(3, "r", 1, MSG_NOSIGNAL, NULL, 0) = 1
sendto(3, "g", 1, MSG_NOSIGNAL, NULL, 0) = 1
sendto(3, ".", 1, MSG_NOSIGNAL, NULL, 0) = 1
sendto(3, "f", 1, MSG_NOSIGNAL, NULL, 0) = 1
sendto(3, "r", 1, MSG_NOSIGNAL, NULL, 0) = 1
sendto(3, "e", 1, MSG_NOSIGNAL, NULL, 0) = 1
sendto(3, "e", 1, MSG_NOSIGNAL, NULL, 0) = 1
sendto(3, "d", 1, MSG_NOSIGNAL, NULL, 0) = 1
sendto(3, "e", 1, MSG_NOSIGNAL, NULL, 0) = 1
sendto(3, "s", 1, MSG_NOSIGNAL, NULL, 0) = 1
sendto(3, "k", 1, MSG_NOSIGNAL, NULL, 0) = 1
sendto(3, "t", 1, MSG_NOSIGNAL, NULL, 0) = 1
sendto(3, "o", 1, MSG_NOSIGNAL, NULL, 0) = 1
sendto(3, "p", 1, MSG_NOSIGNAL, NULL, 0) = 1
sendto(3, ".", 1, MSG_NOSIGNAL, NULL, 0) = 1
sendto(3, "D", 1, MSG_NOSIGNAL, NULL, 0) = 1
sendto(3, "B", 1, MSG_NOSIGNAL, NULL, 0) = 1
sendto(3, "u", 1, MSG_NOSIGNAL, NULL, 0) = 1
sendto(3, "s", 1, MSG_NOSIGNAL, NULL, 0) = 1
sendto(3, "\0", 1, MSG_NOSIGNAL, NULL, 0) = 1
sendto(3, "\0", 1, MSG_NOSIGNAL, NULL, 0) = 1
sendto(3, "\2", 1, MSG_NOSIGNAL, NULL, 0) = 1
sendto(3, "\1", 1, MSG_NOSIGNAL, NULL, 0) = 1
sendto(3, "s", 1, MSG_NOSIGNAL, NULL, 0) = 1
sendto(3, "\0", 1, MSG_NOSIGNAL, NULL, 0) = 1
sendto(3, "\0", 1, MSG_NOSIGNAL, NULL, 0) = 1
sendto(3, "\0", 1, MSG_NOSIGNAL, NULL, 0) = 1
sendto(3, "#\0\0\0", 4, MSG_NOSIGNAL, NULL, 0) = 4
sendto(3, "o", 1, MSG_NOSIGNAL, NULL, 0) = 1
sendto(3, "r", 1, MSG_NOSIGNAL, NULL, 0) = 1
sendto(3, "g", 1, MSG_NOSIGNAL, NULL, 0) = 1
sendto(3, ".", 1, MSG_NOSIGNAL, NULL, 0) = 1
sendto(3, "f", 1, MSG_NOSIGNAL, NULL, 0) = 1
sendto(3, "r", 1, MSG_NOSIGNAL, NULL, 0) = 1
sendto(3, "e", 1, MSG_NOSIGNAL, NULL, 0) = 1
sendto(3, "e", 1, MSG_NOSIGNAL, NULL, 0) = 1
sendto(3, "d", 1, MSG_NOSIGNAL, NULL, 0) = 1
sendto(3, "e", 1, MSG_NOSIGNAL, NULL, 0) = 1
sendto(3, "s", 1, MSG_NOSIGNAL, NULL, 0) = 1
sendto(3, "k", 1, MSG_NOSIGNAL, NULL, 0) = 1
sendto(3, "t", 1, MSG_NOSIGNAL, NULL, 0) = 1
sendto(3, "o", 1, MSG_NOSIGNAL, NULL, 0) = 1
sendto(3, "p", 1, MSG_NOSIGNAL, NULL, 0) = 1
sendto(3, ".", 1, MSG_NOSIGNAL, NULL, 0) = 1
sendto(3, "D", 1, MSG_NOSIGNAL, NULL, 0) = 1
sendto(3, "B", 1, MSG_NOSIGNAL, NULL, 0) = 1
sendto(3, "u", 1, MSG_NOSIGNAL, NULL, 0) = 1
sendto(3, "s", 1, MSG_NOSIGNAL, NULL, 0) = 1
sendto(3, ".", 1, MSG_NOSIGNAL, NULL, 0) = 1
sendto(3, "I", 1, MSG_NOSIGNAL, NULL, 0) = 1
sendto(3, "n", 1, MSG_NOSIGNAL, NULL, 0) = 1
sendto(3, "t", 1, MSG_NOSIGNAL, NULL, 0) = 1
sendto(3, "r", 1, MSG_NOSIGNAL, NULL, 0) = 1
sendto(3, "o", 1, MSG_NOSIGNAL, NULL, 0) = 1
sendto(3, "s", 1, MSG_NOSIGNAL, NULL, 0) = 1
sendto(3, "p", 1, MSG_NOSIGNAL, NULL, 0) = 1
sendto(3, "e", 1, MSG_NOSIGNAL, NULL, 0) = 1
sendto(3, "c", 1, MSG_NOSIGNAL, NULL, 0) = 1
sendto(3, "t", 1, MSG_NOSIGNAL, NULL, 0) = 1
sendto(3, "a", 1, MSG_NOSIGNAL, NULL, 0) = 1
sendto(3, "b", 1, MSG_NOSIGNAL, NULL, 0) = 1
sendto(3, "l", 1, MSG_NOSIGNAL, NULL, 0) = 1
sendto(3, "e", 1, MSG_NOSIGNAL, NULL, 0) = 1
sendto(3, "\0", 1, MSG_NOSIGNAL, NULL, 0) = 1
sendto(3, "\10", 1, MSG_NOSIGNAL, NULL, 0) = 1
sendto(3, "\1", 1, MSG_NOSIGNAL, NULL, 0) = 1
sendto(3, "g", 1, MSG_NOSIGNAL, NULL, 0) = 1
sendto(3, "\0", 1, MSG_NOSIGNAL, NULL, 0) = 1
sendto(3, "\0", 1, MSG_NOSIGNAL, NULL, 0) = 1
sendto(3, "\0", 1, MSG_NOSIGNAL, NULL, 0) = 1
sendto(3, "\0", 1, MSG_NOSIGNAL, NULL, 0) = 1
sendto(3, "\0", 1, MSG_NOSIGNAL, NULL, 0) = 1
sendto(3, "\0", 1, MSG_NOSIGNAL, NULL, 0) = 1
sendto(3, "\0", 1, MSG_NOSIGNAL, NULL, 0) = 1
sendto(3, "\0", 1, MSG_NOSIGNAL, NULL, 0) = 1
sendto(3, "\0", 1, MSG_NOSIGNAL, NULL, 0) = 1
sendto(3, "\3", 1, MSG_NOSIGNAL, NULL, 0) = 1
sendto(3, "\1", 1, MSG_NOSIGNAL, NULL, 0) = 1
sendto(3, "s", 1, MSG_NOSIGNAL, NULL, 0) = 1
sendto(3, "\0", 1, MSG_NOSIGNAL, NULL, 0) = 1
sendto(3, "\n\0\0\0", 4, MSG_NOSIGNAL, NULL, 0) = 4
sendto(3, "I", 1, MSG_NOSIGNAL, NULL, 0) = 1
sendto(3, "n", 1, MSG_NOSIGNAL, NULL, 0) = 1
sendto(3, "t", 1, MSG_NOSIGNAL, NULL, 0) = 1
sendto(3, "r", 1, MSG_NOSIGNAL, NULL, 0) = 1
sendto(3, "o", 1, MSG_NOSIGNAL, NULL, 0) = 1
sendto(3, "s", 1, MSG_NOSIGNAL, NULL, 0) = -1 EPIPE (Broken pipe)
